12-Mar-2019 21:51:57.813 zoneload: info: managed-keys-zone: loaded serial 0
12-Mar-2019 21:51:57.822 general: notice: all zones loaded
12-Mar-2019 21:51:57.822 general: notice: running
12-Mar-2019 21:52:00.559 lame-servers: info: address not available resolving './NS/IN': 2001:dc3::35#53
12-Mar-2019 21:52:00.559 lame-servers: info: address not available resolving 'vortex.data.microsoft.com/A/IN': 2001:dc3::35#53
12-Mar-2019 21:52:00.559 lame-servers: info: address not available resolving './NS/IN': 2001:503:ba3e::2:30#53
12-Mar-2019 21:52:00.559 lame-servers: info: address not available resolving 'vortex.data.microsoft.com/A/IN': 2001:503:ba3e::2:30#53
12-Mar-2019 21:52:00.559 lame-servers: info: address not available resolving './NS/IN': 2001:500:1::803f:235#53
12-Mar-2019 21:52:00.559 lame-servers: info: address not available resolving 'vortex.data.microsoft.com/A/IN': 2001:500:1::803f:235#53
12-Mar-2019 21:52:00.559 lame-servers: info: address not available resolving './NS/IN': 2001:503:c27::2:30#53
12-Mar-2019 21:52:00.559 lame-servers: info: address not available resolving 'vortex.data.microsoft.com/A/IN': 2001:503:c27::2:30#53
12-Mar-2019 21:52:00.559 lame-servers: info: address not available resolving './NS/IN': 2001:500:2f::f#53
12-Mar-2019 21:52:00.560 lame-servers: info: address not available resolving 'vortex.data.microsoft.com/A/IN': 2001:500:2f::f#53
12-Mar-2019 21:52:00.560 lame-servers: info: address not available resolving './NS/IN': 2001:7fd::1#53
12-Mar-2019 21:52:00.560 lame-servers: info: address not available resolving 'vortex.data.microsoft.com/A/IN': 2001:7fd::1#53
12-Mar-2019 21:52:00.693 resolver: info: resolver priming query complete
12-Mar-2019 21:52:00.693 general: warning: checkhints: b.root-servers.net/A (199.9.14.201) missing from hints
12-Mar-2019 21:52:00.694 general: warning: checkhints: b.root-servers.net/A (192.228.79.201) extra record in hints
12-Mar-2019 21:52:00.694 general: warning: checkhints: d.root-servers.net/A (199.7.91.13) missing from hints
12-Mar-2019 21:52:00.694 general: warning: checkhints: d.root-servers.net/A (128.8.10.90) extra record in hints
12-Mar-2019 21:52:00.694 lame-servers: info: address not available resolving 'vortex.data.microsoft.com/A/IN': 2001:503:231d::2:30#53
12-Mar-2019 21:52:00.694 general: warning: checkhints: h.root-servers.net/A (198.97.190.53) missing from hints
12-Mar-2019 21:52:00.694 general: warning: checkhints: h.root-servers.net/A (128.63.2.53) extra record in hints
12-Mar-2019 21:52:00.694 general: warning: checkhints: h.root-servers.net/AAAA (2001:500:1::53) missing from hints
12-Mar-2019 21:52:00.694 lame-servers: info: address not available resolving 'vortex.data.microsoft.com/A/IN': 2001:500:856e::30#53
12-Mar-2019 21:52:00.694 general: warning: checkhints: h.root-servers.net/AAAA (2001:500:1::803f:235) extra record in hints
12-Mar-2019 21:52:00.694 lame-servers: info: address not available resolving 'vortex.data.microsoft.com/A/IN': 2001:503:83eb::30#53
12-Mar-2019 21:52:00.695 lame-servers: info: address not available resolving 'vortex.data.microsoft.com/A/IN': 2001:502:1ca1::30#53
12-Mar-2019 21:52:00.695 lame-servers: info: address not available resolving 'vortex.data.microsoft.com/A/IN': 2001:502:7094::30#53
12-Mar-2019 21:52:00.695 lame-servers: info: address not available resolving 'vortex.data.microsoft.com/A/IN': 2001:500:d937::30#53
12-Mar-2019 21:52:00.695 lame-servers: info: address not available resolving 'vortex.data.microsoft.com/A/IN': 2001:503:d414::30#53
12-Mar-2019 21:52:00.695 lame-servers: info: address not available resolving 'vortex.data.microsoft.com/A/IN': 2001:503:eea3::30#53
12-Mar-2019 21:52:00.695 lame-servers: info: address not available resolving 'vortex.data.microsoft.com/A/IN': 2001:502:8cc::30#53
12-Mar-2019 21:52:00.696 lame-servers: info: address not available resolving 'vortex.data.microsoft.com/A/IN': 2001:503:d2d::30#53
12-Mar-2019 21:52:00.696 lame-servers: info: address not available resolving 'vortex.data.microsoft.com/A/IN': 2001:503:a83e::2:30#53
12-Mar-2019 21:52:00.696 lame-servers: info: address not available resolving 'vortex.data.microsoft.com/A/IN': 2001:503:39c1::30#53
12-Mar-2019 21:52:00.696 lame-servers: info: address not available resolving 'vortex.data.microsoft.com/A/IN': 2001:501:b1f9::30#53
12-Mar-2019 21:52:00.850 lame-servers: info: address not available resolving 'ns1.msft.net/A/IN': 2001:500:200::b#53
12-Mar-2019 21:52:00.850 lame-servers: info: address not available resolving 'ns1.msft.net/AAAA/IN': 2001:500:200::b#53
12-Mar-2019 21:52:00.850 lame-servers: info: address not available resolving 'ns2.msft.net/A/IN': 2001:500:200::b#53
12-Mar-2019 21:52:00.850 lame-servers: info: address not available resolving 'ns1.msft.net/A/IN': 2001:500:2::c#53
12-Mar-2019 21:52:00.851 lame-servers: info: address not available resolving 'ns3.msft.net/A/IN': 2001:500:2::c#53
12-Mar-2019 21:52:00.851 lame-servers: info: address not available resolving 'ns1.msft.net/AAAA/IN': 2001:500:2::c#53
12-Mar-2019 21:52:00.851 lame-servers: info: address not available resolving 'ns2.msft.net/AAAA/IN': 2001:500:200::b#53
12-Mar-2019 21:52:00.851 lame-servers: info: address not available resolving 'ns3.msft.net/AAAA/IN': 2001:500:2::c#53
12-Mar-2019 21:52:00.851 lame-servers: info: address not available resolving 'ns1.msft.net/A/IN': 2001:500:12::d0d#53
12-Mar-2019 21:52:00.851 lame-servers: info: address not available resolving 'ns4.msft.net/A/IN': 2001:500:12::d0d#53
12-Mar-2019 21:52:00.851 lame-servers: info: address not available resolving 'ns2.msft.net/A/IN': 2001:500:2::c#53
12-Mar-2019 21:52:00.851 lame-servers: info: address not available resolving 'ns1.msft.net/AAAA/IN': 2001:500:12::d0d#53
12-Mar-2019 21:52:00.851 lame-servers: info: address not available resolving 'ns4.msft.net/AAAA/IN': 2001:500:12::d0d#53
12-Mar-2019 21:52:00.851 lame-servers: info: address not available resolving 'ns2.msft.net/AAAA/IN': 2001:500:2::c#53
12-Mar-2019 21:52:00.851 lame-servers: info: address not available resolving 'ns1.msft.net/A/IN': 2001:500:9f::42#53
12-Mar-2019 21:52:00.851 lame-servers: info: address not available resolving 'ns3.msft.net/A/IN': 2001:500:12::d0d#53
12-Mar-2019 21:52:00.852 lame-servers: info: address not available resolving 'ns4.msft.net/A/IN': 2001:500:9f::42#53
12-Mar-2019 21:52:00.852 lame-servers: info: address not available resolving 'ns2.msft.net/A/IN': 2001:500:12::d0d#53
12-Mar-2019 21:52:00.852 lame-servers: info: address not available resolving 'ns1.msft.net/AAAA/IN': 2001:500:9f::42#53
12-Mar-2019 21:52:00.852 lame-servers: info: address not available resolving 'ns3.msft.net/AAAA/IN': 2001:500:12::d0d#53
12-Mar-2019 21:52:00.852 lame-servers: info: address not available resolving 'ns2.msft.net/AAAA/IN': 2001:500:12::d0d#53
12-Mar-2019 21:52:00.852 lame-servers: info: address not available resolving 'ns4.msft.net/AAAA/IN': 2001:500:9f::42#53
12-Mar-2019 21:52:00.852 lame-servers: info: address not available resolving 'ns1.msft.net/A/IN': 2001:7fe::53#53
12-Mar-2019 21:52:00.852 lame-servers: info: address not available resolving 'ns2.msft.net/A/IN': 2001:500:9f::42#53
12-Mar-2019 21:52:00.852 lame-servers: info: address not available resolving 'ns3.msft.net/A/IN': 2001:500:9f::42#53
12-Mar-2019 21:52:00.852 lame-servers: info: address not available resolving 'ns4.msft.net/A/IN': 2001:7fe::53#53
12-Mar-2019 21:52:00.852 lame-servers: info: address not available resolving 'ns1.msft.net/AAAA/IN': 2001:7fe::53#53
12-Mar-2019 21:52:00.852 lame-servers: info: address not available resolving 'ns2.msft.net/AAAA/IN': 2001:500:9f::42#53
12-Mar-2019 21:52:00.853 lame-servers: info: address not available resolving 'ns3.msft.net/AAAA/IN': 2001:500:9f::42#53
12-Mar-2019 21:52:00.853 lame-servers: info: address not available resolving 'ns4.msft.net/AAAA/IN': 2001:7fe::53#53
12-Mar-2019 21:52:00.853 lame-servers: info: address not available resolving 'ns2.msft.net/A/IN': 2001:7fe::53#53
12-Mar-2019 21:52:00.853 lame-servers: info: address not available resolving 'ns1.msft.net/A/IN': 2001:500:a8::e#53
12-Mar-2019 21:52:00.853 lame-servers: info: address not available resolving 'ns3.msft.net/A/IN': 2001:7fe::53#53
12-Mar-2019 21:52:00.853 lame-servers: info: address not available resolving 'ns4.msft.net/A/IN': 2001:500:a8::e#53
12-Mar-2019 21:52:00.853 lame-servers: info: address not available resolving 'ns2.msft.net/AAAA/IN': 2001:7fe::53#53
12-Mar-2019 21:52:00.853 lame-servers: info: address not available resolving 'ns3.msft.net/AAAA/IN': 2001:7fe::53#53
12-Mar-2019 21:52:00.853 lame-servers: info: address not available resolving 'ns4.msft.net/AAAA/IN': 2001:500:a8::e#53
12-Mar-2019 21:52:00.853 lame-servers: info: address not available resolving 'ns1.msft.net/AAAA/IN': 2001:500:a8::e#53
12-Mar-2019 21:52:00.853 lame-servers: info: address not available resolving 'ns2.msft.net/A/IN': 2001:500:a8::e#53
12-Mar-2019 21:52:00.853 lame-servers: info: address not available resolving 'ns3.msft.net/A/IN': 2001:500:a8::e#53
12-Mar-2019 21:52:00.853 lame-servers: info: address not available resolving 'ns4.msft.net/A/IN': 2001:500:2d::d#53
12-Mar-2019 21:52:00.853 lame-servers: info: address not available resolving 'ns2.msft.net/AAAA/IN': 2001:500:a8::e#53
12-Mar-2019 21:52:00.854 lame-servers: info: address not available resolving 'ns1.msft.net/A/IN': 2001:500:2d::d#53
12-Mar-2019 21:52:00.854 lame-servers: info: address not available resolving 'ns3.msft.net/AAAA/IN': 2001:500:a8::e#53
12-Mar-2019 21:52:00.854 lame-servers: info: address not available resolving 'ns4.msft.net/AAAA/IN': 2001:500:2d::d#53
12-Mar-2019 21:52:00.854 lame-servers: info: address not available resolving 'ns2.msft.net/A/IN': 2001:500:2d::d#53
12-Mar-2019 21:52:00.854 lame-servers: info: address not available resolving 'ns1.msft.net/AAAA/IN': 2001:500:2d::d#53
12-Mar-2019 21:52:00.854 lame-servers: info: address not available resolving 'ns3.msft.net/A/IN': 2001:500:2d::d#53
12-Mar-2019 21:52:00.854 lame-servers: info: address not available resolving 'ns2.msft.net/AAAA/IN': 2001:500:2d::d#53
12-Mar-2019 21:52:00.854 lame-servers: info: address not available resolving 'ns4.msft.net/A/IN': 2001:dc3::35#53
12-Mar-2019 21:52:00.854 lame-servers: info: address not available resolving 'ns1.msft.net/A/IN': 2001:dc3::35#53
12-Mar-2019 21:52:00.854 lame-servers: info: address not available resolving 'ns3.msft.net/AAAA/IN': 2001:500:2d::d#53
12-Mar-2019 21:52:00.854 lame-servers: info: address not available resolving 'ns2.msft.net/A/IN': 2001:dc3::35#53
12-Mar-2019 21:52:00.854 lame-servers: info: address not available resolving 'ns4.msft.net/AAAA/IN': 2001:dc3::35#53
12-Mar-2019 21:52:00.854 lame-servers: info: address not available resolving 'ns3.msft.net/A/IN': 2001:dc3::35#53
12-Mar-2019 21:52:00.855 lame-servers: info: address not available resolving 'ns1.msft.net/AAAA/IN': 2001:dc3::35#53
12-Mar-2019 21:52:00.855 lame-servers: info: address not available resolving 'ns4.msft.net/A/IN': 2001:500:200::b#53
12-Mar-2019 21:52:00.855 lame-servers: info: address not available resolving 'ns2.msft.net/AAAA/IN': 2001:dc3::35#53
12-Mar-2019 21:52:00.855 lame-servers: info: address not available resolving 'ns3.msft.net/AAAA/IN': 2001:dc3::35#53
12-Mar-2019 21:52:00.855 lame-servers: info: address not available resolving 'ns4.msft.net/AAAA/IN': 2001:500:200::b#53
12-Mar-2019 21:52:00.929 lame-servers: info: address not available resolving 'ns4.msft.net/A/IN': 2001:503:a83e::2:30#53
12-Mar-2019 21:52:01.154 lame-servers: info: address not available resolving 'ns4.msft.net/AAAA/IN': 2620:0:32::53#53
12-Mar-2019 21:52:01.154 lame-servers: info: address not available resolving 'ns4.msft.net/AAAA/IN': 2620:0:30::53#53
12-Mar-2019 21:52:01.154 lame-servers: info: address not available resolving 'ns3.msft.net/AAAA/IN': 2620:0:32::53#53
12-Mar-2019 21:52:01.154 lame-servers: info: address not available resolving 'ns4.msft.net/AAAA/IN': 2620:0:37::53#53
12-Mar-2019 21:52:01.154 lame-servers: info: address not available resolving 'ns3.msft.net/A/IN': 2620:0:30::53#53
12-Mar-2019 21:52:01.154 lame-servers: info: address not available resolving 'ns4.msft.net/AAAA/IN': 2620:0:34::53#53
12-Mar-2019 21:52:01.154 lame-servers: info: address not available resolving 'ns3.msft.net/AAAA/IN': 2620:0:30::53#53
12-Mar-2019 21:52:01.154 lame-servers: info: address not available resolving 'ns3.msft.net/A/IN': 2620:0:37::53#53
12-Mar-2019 21:52:01.155 lame-servers: info: address not available resolving 'ns3.msft.net/AAAA/IN': 2620:0:37::53#53
12-Mar-2019 21:52:01.155 lame-servers: info: address not available resolving 'ns3.msft.net/A/IN': 2620:0:34::53#53
12-Mar-2019 21:52:01.155 lame-servers: info: address not available resolving 'ns3.msft.net/AAAA/IN': 2620:0:34::53#53
12-Mar-2019 21:52:01.379 lame-servers: info: address not available resolving 'a5-130.akadns.org/A/IN': 2001:500:1::53#53
12-Mar-2019 21:52:01.379 lame-servers: info: address not available resolving 'a13-130.akadns.org/A/IN': 2001:500:1::53#53
12-Mar-2019 21:52:01.379 lame-servers: info: address not available resolving 'a5-130.akadns.org/AAAA/IN': 2001:500:1::53#53
12-Mar-2019 21:52:01.379 lame-servers: info: address not available resolving 'a13-130.akadns.org/AAAA/IN': 2001:500:1::53#53
12-Mar-2019 21:52:01.379 lame-servers: info: address not available resolving 'a18-128.akadns.org/A/IN': 2001:500:1::53#53
12-Mar-2019 21:52:01.379 lame-servers: info: address not available resolving 'a13-130.akadns.org/A/IN': 2001:500:a8::e#53
12-Mar-2019 21:52:01.379 lame-servers: info: address not available resolving 'a12-131.akadns.org/A/IN': 2001:500:1::53#53
12-Mar-2019 21:52:01.379 lame-servers: info: address not available resolving 'a18-128.akadns.org/AAAA/IN': 2001:500:a8::e#53
12-Mar-2019 21:52:01.379 lame-servers: info: address not available resolving 'a28-129.akadns.org/A/IN': 2001:500:a8::e#53
12-Mar-2019 21:52:01.379 lame-servers: info: address not available resolving 'a13-130.akadns.org/AAAA/IN': 2001:500:a8::e#53
12-Mar-2019 21:52:01.379 lame-servers: info: address not available resolving 'a18-128.akadns.org/A/IN': 2001:500:a8::e#53
12-Mar-2019 21:52:01.379 lame-servers: info: address not available resolving 'a12-131.akadns.org/AAAA/IN': 2001:500:1::53#53
12-Mar-2019 21:52:01.379 lame-servers: info: address not available resolving 'a28-129.akadns.org/AAAA/IN': 2001:500:a8::e#53
12-Mar-2019 21:52:01.379 lame-servers: info: address not available resolving 'a13-130.akadns.org/A/IN': 2001:500:12::d0d#53
12-Mar-2019 21:52:01.380 lame-servers: info: address not available resolving 'a18-128.akadns.org/AAAA/IN': 2001:500:12::d0d#53
12-Mar-2019 21:52:01.380 lame-servers: info: address not available resolving 'a28-129.akadns.org/A/IN': 2001:500:12::d0d#53
12-Mar-2019 21:52:01.380 lame-servers: info: address not available resolving 'a5-130.akadns.org/A/IN': 2001:500:a8::e#53
12-Mar-2019 21:52:01.380 lame-servers: info: address not available resolving 'a13-130.akadns.org/AAAA/IN': 2001:500:12::d0d#53
12-Mar-2019 21:52:01.380 lame-servers: info: address not available resolving 'a5-130.akadns.org/AAAA/IN': 2001:500:a8::e#53
12-Mar-2019 21:52:01.380 lame-servers: info: address not available resolving 'a28-129.akadns.org/AAAA/IN': 2001:500:12::d0d#53
12-Mar-2019 21:52:01.380 lame-servers: info: address not available resolving 'a18-128.akadns.org/A/IN': 2001:500:12::d0d#53
12-Mar-2019 21:52:01.380 lame-servers: info: address not available resolving 'a13-130.akadns.org/A/IN': 2001:500:9f::42#53
12-Mar-2019 21:52:01.380 lame-servers: info: address not available resolving 'a28-129.akadns.org/A/IN': 2001:500:9f::42#53
12-Mar-2019 21:52:01.380 lame-servers: info: address not available resolving 'a18-128.akadns.org/AAAA/IN': 2001:500:9f::42#53
12-Mar-2019 21:52:01.380 lame-servers: info: address not available resolving 'a18-128.akadns.org/A/IN': 2001:500:9f::42#53
12-Mar-2019 21:52:01.380 lame-servers: info: address not available resolving 'a13-130.akadns.org/AAAA/IN': 2001:500:9f::42#53
12-Mar-2019 21:52:01.380 lame-servers: info: address not available resolving 'a12-131.akadns.org/A/IN': 2001:500:a8::e#53
12-Mar-2019 21:52:01.380 lame-servers: info: address not available resolving 'a28-129.akadns.org/AAAA/IN': 2001:500:9f::42#53
12-Mar-2019 21:52:01.380 lame-servers: info: address not available resolving 'a18-128.akadns.org/AAAA/IN': 2001:500:1::53#53
12-Mar-2019 21:52:01.380 lame-servers: info: address not available resolving 'a12-131.akadns.org/AAAA/IN': 2001:500:a8::e#53
12-Mar-2019 21:52:01.380 lame-servers: info: address not available resolving 'a5-130.akadns.org/A/IN': 2001:500:12::d0d#53
12-Mar-2019 21:52:01.380 lame-servers: info: address not available resolving 'a5-130.akadns.org/AAAA/IN': 2001:500:12::d0d#53
12-Mar-2019 21:52:01.380 lame-servers: info: address not available resolving 'a12-131.akadns.org/A/IN': 2001:500:12::d0d#53
12-Mar-2019 21:52:01.381 lame-servers: info: address not available resolving 'a12-131.akadns.org/AAAA/IN': 2001:500:12::d0d#53
12-Mar-2019 21:52:01.381 lame-servers: info: address not available resolving 'a5-130.akadns.org/A/IN': 2001:500:9f::42#53
12-Mar-2019 21:52:01.381 lame-servers: info: address not available resolving 'a5-130.akadns.org/AAAA/IN': 2001:500:9f::42#53
12-Mar-2019 21:52:01.381 lame-servers: info: address not available resolving 'a12-131.akadns.org/A/IN': 2001:500:9f::42#53
12-Mar-2019 21:52:01.381 lame-servers: info: address not available resolving 'a12-131.akadns.org/AAAA/IN': 2001:500:9f::42#53
12-Mar-2019 21:52:01.469 lame-servers: info: address not available resolving 'a28-129.akadns.org/AAAA/IN': 2001:500:c::1#53
12-Mar-2019 21:52:01.469 lame-servers: info: address not available resolving 'a28-129.akadns.org/AAAA/IN': 2001:500:40::1#53
12-Mar-2019 21:52:01.469 lame-servers: info: address not available resolving 'a28-129.akadns.org/AAAA/IN': 2001:500:48::1#53
12-Mar-2019 21:52:01.469 lame-servers: info: address not available resolving 'a28-129.akadns.org/AAAA/IN': 2001:500:e::1#53
12-Mar-2019 21:52:01.469 lame-servers: info: address not available resolving 'a28-129.akadns.org/AAAA/IN': 2001:500:b::1#53
12-Mar-2019 21:52:01.469 lame-servers: info: address not available resolving 'a28-129.akadns.org/AAAA/IN': 2001:500:f::1#53
12-Mar-2019 21:52:01.484 lame-servers: info: address not available resolving 'a28-129.akadns.org/A/IN': 2001:500:b::1#53
12-Mar-2019 21:52:01.484 lame-servers: info: address not available resolving 'a28-129.akadns.org/A/IN': 2001:500:48::1#53
12-Mar-2019 21:52:01.484 lame-servers: info: address not available resolving 'a28-129.akadns.org/A/IN': 2001:500:e::1#53
12-Mar-2019 21:52:01.659 lame-servers: info: address not available resolving 'a18-128.akadns.org/A/IN': 2001:500:48::1#53
12-Mar-2019 21:52:01.659 lame-servers: info: address not available resolving 'a18-128.akadns.org/A/IN': 2001:500:b::1#53
12-Mar-2019 21:52:35.131 lame-servers: info: address not available resolving 'any.ca-servers.ca/A/IN': 2620:10a:80ba::68#53
12-Mar-2019 21:52:35.131 lame-servers: info: address not available resolving 'x.ca-servers.ca/AAAA/IN': 2620:10a:80ba::68#53
12-Mar-2019 21:52:35.133 lame-servers: info: address not available resolving 'any.ca-servers.ca/AAAA/IN': 2001:500:a7::2#53
12-Mar-2019 21:52:35.328 lame-servers: info: address not available resolving 'ns4.google.com/AAAA/IN': 2001:4860:4802:36::a#53
12-Mar-2019 21:52:35.328 lame-servers: info: address not available resolving 'ns4.google.com/AAAA/IN': 2001:4860:4802:34::a#53
12-Mar-2019 21:52:35.328 lame-servers: info: address not available resolving 'ns4.google.com/AAAA/IN': 2001:4860:4802:38::a#53
12-Mar-2019 21:52:35.328 lame-servers: info: address not available resolving 'ns4.google.com/AAAA/IN': 2001:4860:4802:32::a#53
12-Mar-2019 21:52:35.337 lame-servers: info: address not available resolving 'ns3.google.com/A/IN': 2001:4860:4802:32::a#53
12-Mar-2019 21:52:51.709 general: info: shutting down
12-Mar-2019 21:52:51.709 general: notice: stopping command channel on 127.0.0.1#953
12-Mar-2019 21:52:51.710 network: info: no longer listening on 127.0.0.1#53
12-Mar-2019 21:52:51.710 network: info: no longer listening on 172.24.0.2#53
12-Mar-2019 21:52:51.720 general: notice: exiting
